<?xml version="1.0" encoding="UTF-8"?>
<!-- Generated by org.testng.reporters.JUnitReportReporter -->
<testsuite hostname="WUPNOTE101" name="NewTest" tests="1" failures="1" timestamp="22 Feb 2018 10:18:48 GMT" time="0.001" errors="0">
  <testcase name="testEasy" time="0.001" classname="NewTest">
    <failure type="org.openqa.selenium.WebDriverException" message="Failed to connect to binary FirefoxBinary(C:\Program Files (x86)\Mozilla Firefox\firefox.exe) on port 7055; process output follows: 
Mapping {972ce4c6-7e08-4474-a285-3208198ce6fd} to C:\Program Files (x86)\Mozilla Firefox\browser\extensions\{972ce4c6-7e08-4474-a285-3208198ce6fd}.xpi
1519294684601	addons.xpi	DEBUG	Existing add-on {972ce4c6-7e08-4474-a285-3208198ce6fd} in app-global
1519294684601	addons.xpi	DEBUG	getInstallState changed: false, state: {}
1519294684804	addons.xpi-utils	DEBUG	Async JSON file read took 0 MS
1519294684804	addons.xpi-utils	DEBUG	Finished async read of XPI database, parsing...
1519294684811	addons.xpi-utils	DEBUG	Successfully read XPI database
1519294684916	DeferredSave.webext.sc.lz4	DEBUG	Save changes
1519294684916	DeferredSave.webext.sc.lz4	DEBUG	Starting timer
1519294684965	DeferredSave.webext.sc.lz4	DEBUG	Save changes
1519294684983	DeferredSave.webext.sc.lz4	DEBUG	Save changes
1519294684984	DeferredSave.webext.sc.lz4	DEBUG	Save changes
1519294684984	DeferredSave.webext.sc.lz4	DEBUG	Save changes
1519294684985	DeferredSave.webext.sc.lz4	DEBUG	Save changes
1519294684987	DeferredSave.webext.sc.lz4	DEBUG	Save changes
1519294684988	DeferredSave.webext.sc.lz4	DEBUG	Save changes
1519294684991	DeferredSave.webext.sc.lz4	DEBUG	Save changes
1519294684991	DeferredSave.webext.sc.lz4	DEBUG	Save changes
1519294684992	DeferredSave.webext.sc.lz4	DEBUG	Save changes
1519294684992	DeferredSave.webext.sc.lz4	DEBUG	Save changes
1519294684993	DeferredSave.webext.sc.lz4	DEBUG	Save changes
1519294684994	DeferredSave.webext.sc.lz4	DEBUG	Save changes
1519294684994	DeferredSave.webext.sc.lz4	DEBUG	Save changes
1519294684995	DeferredSave.webext.sc.lz4	DEBUG	Save changes
1519294684996	DeferredSave.webext.sc.lz4	DEBUG	Save changes
1519294684997	DeferredSave.webext.sc.lz4	DEBUG	Save changes
1519294684999	DeferredSave.webext.sc.lz4	DEBUG	Save changes
1519294685000	DeferredSave.webext.sc.lz4	DEBUG	Save changes
1519294685001	DeferredSave.webext.sc.lz4	DEBUG	Save changes
1519294685001	DeferredSave.webext.sc.lz4	DEBUG	Save changes
1519294685002	DeferredSave.webext.sc.lz4	DEBUG	Save changes
1519294685003	DeferredSave.webext.sc.lz4	DEBUG	Save changes
1519294685006	DeferredSave.webext.sc.lz4	DEBUG	Save changes
1519294685007	DeferredSave.webext.sc.lz4	DEBUG	Save changes
1519294685008	DeferredSave.webext.sc.lz4	DEBUG	Save changes
1519294685008	DeferredSave.webext.sc.lz4	DEBUG	Save changes
1519294685009	DeferredSave.webext.sc.lz4	DEBUG	Save changes
1519294685009	DeferredSave.webext.sc.lz4	DEBUG	Save changes
1519294685009	DeferredSave.webext.sc.lz4	DEBUG	Save changes
1519294685010	DeferredSave.webext.sc.lz4	DEBUG	Save changes
1519294685011	DeferredSave.webext.sc.lz4	DEBUG	Save changes
1519294685012	DeferredSave.webext.sc.lz4	DEBUG	Save changes
1519294685013	DeferredSave.webext.sc.lz4	DEBUG	Save changes
1519294685014	DeferredSave.webext.sc.lz4	DEBUG	Save changes
1519294685014	DeferredSave.webext.sc.lz4	DEBUG	Save changes
1519294685015	DeferredSave.webext.sc.lz4	DEBUG	Save changes
1519294685016	DeferredSave.webext.sc.lz4	DEBUG	Save changes
1519294685017	DeferredSave.webext.sc.lz4	DEBUG	Save changes
1519294685017	DeferredSave.webext.sc.lz4	DEBUG	Save changes
1519294685018	DeferredSave.webext.sc.lz4	DEBUG	Save changes
1519294685018	DeferredSave.webext.sc.lz4	DEBUG	Save changes
1519294685020	DeferredSave.webext.sc.lz4	DEBUG	Save changes
1519294685021	DeferredSave.webext.sc.lz4	DEBUG	Save changes
1519294685023	DeferredSave.webext.sc.lz4	DEBUG	Save changes
1519294685025	DeferredSave.webext.sc.lz4	DEBUG	Save changes
1519294685026	DeferredSave.webext.sc.lz4	DEBUG	Save changes
1519294685027	DeferredSave.webext.sc.lz4	DEBUG	Save changes
1519294685030	DeferredSave.webext.sc.lz4	DEBUG	Save changes
1519294685030	DeferredSave.webext.sc.lz4	DEBUG	Save changes
1519294685033	DeferredSave.webext.sc.lz4	DEBUG	Save changes
1519294685036	DeferredSave.webext.sc.lz4	DEBUG	Save changes
1519294685092	DeferredSave.webext.sc.lz4	DEBUG	Save changes
1519294685092	DeferredSave.webext.sc.lz4	DEBUG	Save changes
1519294689919	DeferredSave.webext.sc.lz4	DEBUG	Starting write
1519294689931	DeferredSave.webext.sc.lz4	DEBUG	Write succeeded

Build info: version: &#039;2.45.0&#039;, revision: &#039;5017cb8e7ca8e37638dc3091b2440b90a1d8686f&#039;, time: &#039;2015-02-27 09:10:26&#039;
System info: host: &#039;WUPNOTE101&#039;, ip: &#039;192.168.112.23&#039;, os.name: &#039;Windows 10&#039;, os.arch: &#039;amd64&#039;, os.version: &#039;10.0&#039;, java.version: &#039;1.8.0_111&#039;
Driver info: driver.version: FirefoxDriver">
      <![CDATA[org.openqa.selenium.WebDriverException: Failed to connect to binary FirefoxBinary(C:\Program Files (x86)\Mozilla Firefox\firefox.exe) on port 7055; process output follows: 
Mapping {972ce4c6-7e08-4474-a285-3208198ce6fd} to C:\Program Files (x86)\Mozilla Firefox\browser\extensions\{972ce4c6-7e08-4474-a285-3208198ce6fd}.xpi
1519294684601	addons.xpi	DEBUG	Existing add-on {972ce4c6-7e08-4474-a285-3208198ce6fd} in app-global
1519294684601	addons.xpi	DEBUG	getInstallState changed: false, state: {}
1519294684804	addons.xpi-utils	DEBUG	Async JSON file read took 0 MS
1519294684804	addons.xpi-utils	DEBUG	Finished async read of XPI database, parsing...
1519294684811	addons.xpi-utils	DEBUG	Successfully read XPI database
1519294684916	DeferredSave.webext.sc.lz4	DEBUG	Save changes
1519294684916	DeferredSave.webext.sc.lz4	DEBUG	Starting timer
1519294684965	DeferredSave.webext.sc.lz4	DEBUG	Save changes
1519294684983	DeferredSave.webext.sc.lz4	DEBUG	Save changes
1519294684984	DeferredSave.webext.sc.lz4	DEBUG	Save changes
1519294684984	DeferredSave.webext.sc.lz4	DEBUG	Save changes
1519294684985	DeferredSave.webext.sc.lz4	DEBUG	Save changes
1519294684987	DeferredSave.webext.sc.lz4	DEBUG	Save changes
1519294684988	DeferredSave.webext.sc.lz4	DEBUG	Save changes
1519294684991	DeferredSave.webext.sc.lz4	DEBUG	Save changes
1519294684991	DeferredSave.webext.sc.lz4	DEBUG	Save changes
1519294684992	DeferredSave.webext.sc.lz4	DEBUG	Save changes
1519294684992	DeferredSave.webext.sc.lz4	DEBUG	Save changes
1519294684993	DeferredSave.webext.sc.lz4	DEBUG	Save changes
1519294684994	DeferredSave.webext.sc.lz4	DEBUG	Save changes
1519294684994	DeferredSave.webext.sc.lz4	DEBUG	Save changes
1519294684995	DeferredSave.webext.sc.lz4	DEBUG	Save changes
1519294684996	DeferredSave.webext.sc.lz4	DEBUG	Save changes
1519294684997	DeferredSave.webext.sc.lz4	DEBUG	Save changes
1519294684999	DeferredSave.webext.sc.lz4	DEBUG	Save changes
1519294685000	DeferredSave.webext.sc.lz4	DEBUG	Save changes
1519294685001	DeferredSave.webext.sc.lz4	DEBUG	Save changes
1519294685001	DeferredSave.webext.sc.lz4	DEBUG	Save changes
1519294685002	DeferredSave.webext.sc.lz4	DEBUG	Save changes
1519294685003	DeferredSave.webext.sc.lz4	DEBUG	Save changes
1519294685006	DeferredSave.webext.sc.lz4	DEBUG	Save changes
1519294685007	DeferredSave.webext.sc.lz4	DEBUG	Save changes
1519294685008	DeferredSave.webext.sc.lz4	DEBUG	Save changes
1519294685008	DeferredSave.webext.sc.lz4	DEBUG	Save changes
1519294685009	DeferredSave.webext.sc.lz4	DEBUG	Save changes
1519294685009	DeferredSave.webext.sc.lz4	DEBUG	Save changes
1519294685009	DeferredSave.webext.sc.lz4	DEBUG	Save changes
1519294685010	DeferredSave.webext.sc.lz4	DEBUG	Save changes
1519294685011	DeferredSave.webext.sc.lz4	DEBUG	Save changes
1519294685012	DeferredSave.webext.sc.lz4	DEBUG	Save changes
1519294685013	DeferredSave.webext.sc.lz4	DEBUG	Save changes
1519294685014	DeferredSave.webext.sc.lz4	DEBUG	Save changes
1519294685014	DeferredSave.webext.sc.lz4	DEBUG	Save changes
1519294685015	DeferredSave.webext.sc.lz4	DEBUG	Save changes
1519294685016	DeferredSave.webext.sc.lz4	DEBUG	Save changes
1519294685017	DeferredSave.webext.sc.lz4	DEBUG	Save changes
1519294685017	DeferredSave.webext.sc.lz4	DEBUG	Save changes
1519294685018	DeferredSave.webext.sc.lz4	DEBUG	Save changes
1519294685018	DeferredSave.webext.sc.lz4	DEBUG	Save changes
1519294685020	DeferredSave.webext.sc.lz4	DEBUG	Save changes
1519294685021	DeferredSave.webext.sc.lz4	DEBUG	Save changes
1519294685023	DeferredSave.webext.sc.lz4	DEBUG	Save changes
1519294685025	DeferredSave.webext.sc.lz4	DEBUG	Save changes
1519294685026	DeferredSave.webext.sc.lz4	DEBUG	Save changes
1519294685027	DeferredSave.webext.sc.lz4	DEBUG	Save changes
1519294685030	DeferredSave.webext.sc.lz4	DEBUG	Save changes
1519294685030	DeferredSave.webext.sc.lz4	DEBUG	Save changes
1519294685033	DeferredSave.webext.sc.lz4	DEBUG	Save changes
1519294685036	DeferredSave.webext.sc.lz4	DEBUG	Save changes
1519294685092	DeferredSave.webext.sc.lz4	DEBUG	Save changes
1519294685092	DeferredSave.webext.sc.lz4	DEBUG	Save changes
1519294689919	DeferredSave.webext.sc.lz4	DEBUG	Starting write
1519294689931	DeferredSave.webext.sc.lz4	DEBUG	Write succeeded

Build info: version: '2.45.0', revision: '5017cb8e7ca8e37638dc3091b2440b90a1d8686f', time: '2015-02-27 09:10:26'
System info: host: 'WUPNOTE101', ip: '192.168.112.23', os.name: 'Windows 10', os.arch: 'amd64', os.version: '10.0', java.version: '1.8.0_111'
Driver info: driver.version: FirefoxDriver
	at org.openqa.selenium.firefox.internal.NewProfileExtensionConnection.start(NewProfileExtensionConnection.java:130)
	at org.openqa.selenium.firefox.FirefoxDriver.startClient(FirefoxDriver.java:246)
	at org.openqa.selenium.remote.RemoteWebDriver.<init>(RemoteWebDriver.java:114)
	at org.openqa.selenium.firefox.FirefoxDriver.<init>(FirefoxDriver.java:191)
	at org.openqa.selenium.firefox.FirefoxDriver.<init>(FirefoxDriver.java:186)
	at org.openqa.selenium.firefox.FirefoxDriver.<init>(FirefoxDriver.java:182)
	at org.openqa.selenium.firefox.FirefoxDriver.<init>(FirefoxDriver.java:95)
	at NewTest.beforeTest(NewTest.java:23)
	at sun.reflect.NativeMethodAccessorImpl.invoke0(Native Method)
	at sun.reflect.NativeMethodAccessorImpl.invoke(NativeMethodAccessorImpl.java:62)
	at sun.reflect.DelegatingMethodAccessorImpl.invoke(DelegatingMethodAccessorImpl.java:43)
	at java.lang.reflect.Method.invoke(Method.java:498)
	at org.testng.internal.MethodInvocationHelper.invokeMethod(MethodInvocationHelper.java:80)
	at org.testng.internal.Invoker.invokeConfigurationMethod(Invoker.java:564)
	at org.testng.internal.Invoker.invokeConfigurations(Invoker.java:213)
	at org.testng.internal.Invoker.invokeConfigurations(Invoker.java:138)
	at org.testng.TestRunner.beforeRun(TestRunner.java:641)
	at org.testng.TestRunner.run(TestRunner.java:609)
	at org.testng.SuiteRunner.runTest(SuiteRunner.java:334)
	at org.testng.SuiteRunner.runSequentially(SuiteRunner.java:329)
	at org.testng.SuiteRunner.privateRun(SuiteRunner.java:291)
	at org.testng.SuiteRunner.run(SuiteRunner.java:240)
	at org.testng.SuiteRunnerWorker.runSuite(SuiteRunnerWorker.java:52)
	at org.testng.SuiteRunnerWorker.run(SuiteRunnerWorker.java:86)
	at org.testng.TestNG.runSuitesSequentially(TestNG.java:1198)
	at org.testng.TestNG.runSuitesLocally(TestNG.java:1123)
	at org.testng.TestNG.run(TestNG.java:1031)
	at org.apache.maven.surefire.testng.TestNGExecutor.run(TestNGExecutor.java:135)
	at org.apache.maven.surefire.testng.TestNGDirectoryTestSuite.executeSingleClass(TestNGDirectoryTestSuite.java:112)
	at org.apache.maven.surefire.testng.TestNGDirectoryTestSuite.execute(TestNGDirectoryTestSuite.java:99)
	at org.apache.maven.surefire.testng.TestNGProvider.invoke(TestNGProvider.java:146)
	at org.apache.maven.surefire.booter.ForkedBooter.invokeProviderInSameClassLoader(ForkedBooter.java:373)
	at org.apache.maven.surefire.booter.ForkedBooter.runSuitesInProcess(ForkedBooter.java:334)
	at org.apache.maven.surefire.booter.ForkedBooter.execute(ForkedBooter.java:119)
	at org.apache.maven.surefire.booter.ForkedBooter.main(ForkedBooter.java:407)
Caused by: org.openqa.selenium.firefox.NotConnectedException: Unable to connect to host 127.0.0.1 on port 7055 after 45000 ms. Firefox console output:
Mapping {972ce4c6-7e08-4474-a285-3208198ce6fd} to C:\Program Files (x86)\Mozilla Firefox\browser\extensions\{972ce4c6-7e08-4474-a285-3208198ce6fd}.xpi
1519294684601	addons.xpi	DEBUG	Existing add-on {972ce4c6-7e08-4474-a285-3208198ce6fd} in app-global
1519294684601	addons.xpi	DEBUG	getInstallState changed: false, state: {}
1519294684804	addons.xpi-utils	DEBUG	Async JSON file read took 0 MS
1519294684804	addons.xpi-utils	DEBUG	Finished async read of XPI database, parsing...
1519294684811	addons.xpi-utils	DEBUG	Successfully read XPI database
1519294684916	DeferredSave.webext.sc.lz4	DEBUG	Save changes
1519294684916	DeferredSave.webext.sc.lz4	DEBUG	Starting timer
1519294684965	DeferredSave.webext.sc.lz4	DEBUG	Save changes
1519294684983	DeferredSave.webext.sc.lz4	DEBUG	Save changes
1519294684984	DeferredSave.webext.sc.lz4	DEBUG	Save changes
1519294684984	DeferredSave.webext.sc.lz4	DEBUG	Save changes
1519294684985	DeferredSave.webext.sc.lz4	DEBUG	Save changes
1519294684987	DeferredSave.webext.sc.lz4	DEBUG	Save changes
1519294684988	DeferredSave.webext.sc.lz4	DEBUG	Save changes
1519294684991	DeferredSave.webext.sc.lz4	DEBUG	Save changes
1519294684991	DeferredSave.webext.sc.lz4	DEBUG	Save changes
1519294684992	DeferredSave.webext.sc.lz4	DEBUG	Save changes
1519294684992	DeferredSave.webext.sc.lz4	DEBUG	Save changes
1519294684993	DeferredSave.webext.sc.lz4	DEBUG	Save changes
1519294684994	DeferredSave.webext.sc.lz4	DEBUG	Save changes
1519294684994	DeferredSave.webext.sc.lz4	DEBUG	Save changes
1519294684995	DeferredSave.webext.sc.lz4	DEBUG	Save changes
1519294684996	DeferredSave.webext.sc.lz4	DEBUG	Save changes
1519294684997	DeferredSave.webext.sc.lz4	DEBUG	Save changes
1519294684999	DeferredSave.webext.sc.lz4	DEBUG	Save changes
1519294685000	DeferredSave.webext.sc.lz4	DEBUG	Save changes
1519294685001	DeferredSave.webext.sc.lz4	DEBUG	Save changes
1519294685001	DeferredSave.webext.sc.lz4	DEBUG	Save changes
1519294685002	DeferredSave.webext.sc.lz4	DEBUG	Save changes
1519294685003	DeferredSave.webext.sc.lz4	DEBUG	Save changes
1519294685006	DeferredSave.webext.sc.lz4	DEBUG	Save changes
1519294685007	DeferredSave.webext.sc.lz4	DEBUG	Save changes
1519294685008	DeferredSave.webext.sc.lz4	DEBUG	Save changes
1519294685008	DeferredSave.webext.sc.lz4	DEBUG	Save changes
1519294685009	DeferredSave.webext.sc.lz4	DEBUG	Save changes
1519294685009	DeferredSave.webext.sc.lz4	DEBUG	Save changes
1519294685009	DeferredSave.webext.sc.lz4	DEBUG	Save changes
1519294685010	DeferredSave.webext.sc.lz4	DEBUG	Save changes
1519294685011	DeferredSave.webext.sc.lz4	DEBUG	Save changes
1519294685012	DeferredSave.webext.sc.lz4	DEBUG	Save changes
1519294685013	DeferredSave.webext.sc.lz4	DEBUG	Save changes
1519294685014	DeferredSave.webext.sc.lz4	DEBUG	Save changes
1519294685014	DeferredSave.webext.sc.lz4	DEBUG	Save changes
1519294685015	DeferredSave.webext.sc.lz4	DEBUG	Save changes
1519294685016	DeferredSave.webext.sc.lz4	DEBUG	Save changes
1519294685017	DeferredSave.webext.sc.lz4	DEBUG	Save changes
1519294685017	DeferredSave.webext.sc.lz4	DEBUG	Save changes
1519294685018	DeferredSave.webext.sc.lz4	DEBUG	Save changes
1519294685018	DeferredSave.webext.sc.lz4	DEBUG	Save changes
1519294685020	DeferredSave.webext.sc.lz4	DEBUG	Save changes
1519294685021	DeferredSave.webext.sc.lz4	DEBUG	Save changes
1519294685023	DeferredSave.webext.sc.lz4	DEBUG	Save changes
1519294685025	DeferredSave.webext.sc.lz4	DEBUG	Save changes
1519294685026	DeferredSave.webext.sc.lz4	DEBUG	Save changes
1519294685027	DeferredSave.webext.sc.lz4	DEBUG	Save changes
1519294685030	DeferredSave.webext.sc.lz4	DEBUG	Save changes
1519294685030	DeferredSave.webext.sc.lz4	DEBUG	Save changes
1519294685033	DeferredSave.webext.sc.lz4	DEBUG	Save changes
1519294685036	DeferredSave.webext.sc.lz4	DEBUG	Save changes
1519294685092	DeferredSave.webext.sc.lz4	DEBUG	Save changes
1519294685092	DeferredSave.webext.sc.lz4	DEBUG	Save changes
1519294689919	DeferredSave.webext.sc.lz4	DEBUG	Starting write
1519294689931	DeferredSave.webext.sc.lz4	DEBUG	Write succeeded

	at org.openqa.selenium.firefox.internal.NewProfileExtensionConnection.start(NewProfileExtensionConnection.java:118)
	... 34 more
]]>
    </failure>
  </testcase> <!-- testEasy -->
</testsuite> <!-- NewTest -->
